WARNING 2018-04-08 22:04:23,445 payslip 18316 13976 开始多线程计算工资
WARNING 2018-04-08 22:04:28,945 payslip 18316 17984 137136038 计算成功
WARNING 2018-04-08 22:12:26,745 payslip 17560 12844 开始多线程计算工资
WARNING 2018-04-08 22:12:32,292 payslip 17560 10104 爱分享 111724045 计算成功
WARNING 2018-04-12 23:25:57,353 payslip 21324 18984 开始多线程计算工资
WARNING 2018-04-12 23:27:44,217 payslip 21324 6720 angle+深谷幽蓝 141272070 计算成功
WARNING 2018-04-12 23:27:48,653 payslip 21324 20848 amy+畅想 127810490 计算成功
WARNING 2018-04-12 23:27:49,915 payslip 21324 21004 angle+666 173632889 计算成功
WARNING 2018-04-12 23:27:51,165 payslip 21324 8220 apple+angel云 189326568 计算成功
WARNING 2018-04-12 23:27:53,615 payslip 21324 18528 Amanda+心心 149172250 计算成功
WARNING 2018-04-12 23:27:54,191 payslip 21324 9948 apple+DD 173168161 计算成功
WARNING 2018-04-12 23:27:54,191 payslip 21324 14936 apple+帅宝 173664269 计算成功
WARNING 2018-04-12 23:27:55,803 payslip 21324 10840 百花+amy 185112630 计算成功
WARNING 2018-04-12 23:27:58,266 payslip 21324 1872 emma酱+淼仲子 184304016 计算成功
WARNING 2018-04-12 23:27:59,340 payslip 21324 2104 apple+敏敏 173140924 计算成功
WARNING 2018-04-12 23:27:59,876 payslip 21324 11532 apple+西西 173146815 计算成功
WARNING 2018-04-12 23:28:00,938 payslip 21324 5880 oli黄+菡之 120560968 计算成功
WARNING 2018-04-12 23:28:02,312 payslip 21324 732 枫叶秋实+叶子 186244318 计算成功
WARNING 2018-04-12 23:28:09,910 payslip 21324 18900 董姐+飘舞 186208378 计算成功
WARNING 2018-04-12 23:28:11,382 payslip 21324 19816 百花+幸福树 127802613 计算成功
WARNING 2018-04-12 23:28:14,867 payslip 21324 12164 枫叶秋实+飘雪 126492171 计算成功
WARNING 2018-04-12 23:28:16,425 payslip 21324 5632 冰月+橘子 186212343 计算成功
WARNING 2018-04-12 23:28:16,859 payslip 21324 21084 橘子+田希 173136731 计算成功
WARNING 2018-04-12 23:28:19,997 payslip 21324 19308 蓝光+冰月 184302018 计算成功
WARNING 2018-04-12 23:28:20,841 payslip 21324 7064 开心+小牛 184256862 计算成功
WARNING 2018-04-12 23:28:21,119 payslip 21324 10752 梅小姐+董姐 184278454 计算成功
WARNING 2018-04-12 23:28:23,456 payslip 21324 2800 梅小姐+灰灰 185132056 计算成功
WARNING 2018-04-12 23:28:23,928 payslip 21324 21244 妮妮+E宝 186206455 计算成功
WARNING 2018-04-12 23:28:24,810 payslip 21324 11408 飘雪+泊V花开 186230796 计算成功
WARNING 2018-04-12 23:28:31,572 payslip 21324 17800 璞绯+好伙伴 185132059 计算成功
WARNING 2018-04-12 23:28:34,673 payslip 21324 5748 璞绯+球球 120572428 计算成功
WARNING 2018-04-12 23:28:37,341 payslip 21324 10072 璞绯+熊熊 185134052 计算成功
WARNING 2018-04-12 23:28:37,564 payslip 21324 21532 秋天猫+英子 132494773 计算成功
WARNING 2018-04-12 23:28:39,056 payslip 21324 21564 图图+乐乐 129304159 计算成功
WARNING 2018-04-12 23:28:39,783 payslip 21324 21580 娃娃+Laura 144724626 计算成功
WARNING 2018-04-12 23:28:40,720 payslip 21324 21604 娃娃+谭主 165868147 计算成功
WARNING 2018-04-12 23:28:40,903 payslip 21324 21620 娃娃红包群 184272516 计算成功
WARNING 2018-04-12 23:28:41,185 payslip 21324 21644 微微+隽隽 186230050 计算成功
WARNING 2018-04-12 23:28:41,438 payslip 21324 21684 薇欧氏+大金融 191186044 计算成功
WARNING 2018-04-13 00:23:12,435 payslip 21324 6848 开始多线程计算工资
WARNING 2018-04-13 00:28:51,177 payslip 18368 21648 开始多线程计算工资
WARNING 2018-04-13 00:29:43,399 payslip 18368 10480 旋子+熙彤 130326639 (1205, 'Lock wait timeout exceeded; try restarting transaction')
WARNING 2018-04-13 00:29:43,399 payslip 18368 19140 丫头+Ada 186188785 (1205, 'Lock wait timeout exceeded; try restarting transaction')
WARNING 2018-04-13 00:29:43,400 payslip 18368 15576 扬帆远航+催乳师 151008182 (1205, 'Lock wait timeout exceeded; try restarting transaction')
WARNING 2018-04-13 00:29:43,400 payslip 18368 20128 丫头+王小刚 143934608 (1205, 'Lock wait timeout exceeded; try restarting transaction')
WARNING 2018-04-13 00:29:43,401 payslip 18368 6420 扬帆远航+淡然 157278258 (1205, 'Lock wait timeout exceeded; try restarting transaction')
WARNING 2018-04-13 00:29:43,401 payslip 18368 11996 妖精+杜杜 185122364 (1205, 'Lock wait timeout exceeded; try restarting transaction')
WARNING 2018-04-13 00:29:43,401 payslip 18368 21524 妖精+谜雾 185120320 (1205, 'Lock wait timeout exceeded; try restarting transaction')
WARNING 2018-04-13 00:29:43,401 payslip 18368 21508 妖精+乖乖 120556864 (1205, 'Lock wait timeout exceeded; try restarting transaction')
WARNING 2018-04-13 00:29:43,402 payslip 18368 21764 apple+hp 150976539 (1205, 'Lock wait timeout exceeded; try restarting transaction')
WARNING 2018-04-13 00:29:43,402 payslip 18368 21556 月月+妞妞 155130772 (1205, 'Lock wait timeout exceeded; try restarting transaction')
WARNING 2018-04-13 00:29:43,402 payslip 18368 21528 伊哩咪+狂风 173630871 (1205, 'Lock wait timeout exceeded; try restarting transaction')
WARNING 2018-04-13 00:29:43,402 payslip 18368 21544 月月+冰雪 186200646 (1205, 'Lock wait timeout exceeded; try restarting transaction')
WARNING 2018-04-13 00:29:43,402 payslip 18368 18912 云云+艳阳 173142830 (1205, 'Lock wait timeout exceeded; try restarting transaction')
WARNING 2018-04-13 00:29:43,403 payslip 18368 21592 周小君+小白 185134035 (1205, 'Lock wait timeout exceeded; try restarting transaction')
WARNING 2018-04-13 00:29:43,403 payslip 18368 21612 周小君+vicky 185092886 (1205, 'Lock wait timeout exceeded; try restarting transaction')
WARNING 2018-04-13 00:29:43,403 payslip 18368 21584 黄琳+黄宇 212974825 (1205, 'Lock wait timeout exceeded; try restarting transaction')
WARNING 2018-04-13 00:29:43,403 payslip 18368 21656 娃娃+小火车 256790560 (1205, 'Lock wait timeout exceeded; try restarting transaction')
WARNING 2018-04-13 00:29:43,403 payslip 18368 21596 铃子+花式 222058027 (1205, 'Lock wait timeout exceeded; try restarting transaction')
WARNING 2018-04-13 00:29:43,403 payslip 18368 21608 周小君+娜娜 210854281 (1205, 'Lock wait timeout exceeded; try restarting transaction')
WARNING 2018-04-13 00:29:43,404 payslip 18368 21676 薇欧氏+克拉克 88880003 (1205, 'Lock wait timeout exceeded; try restarting transaction')
WARNING 2018-04-13 00:29:43,404 payslip 18368 21668 娃娃+Ting 88880001 (1205, 'Lock wait timeout exceeded; try restarting transaction')
WARNING 2018-04-13 00:29:43,404 payslip 18368 21712 娃娃+副群主 88880002 (1205, 'Lock wait timeout exceeded; try restarting transaction')
WARNING 2018-04-13 00:29:43,404 payslip 18368 21744 薇欧氏+副群主 88880005 (1205, 'Lock wait timeout exceeded; try restarting transaction')
WARNING 2018-04-13 00:29:43,404 payslip 18368 21708 薇欧氏+冥王 88880004 (1205, 'Lock wait timeout exceeded; try restarting transaction')
WARNING 2018-04-13 00:29:43,407 payslip 18368 20816 lizy+老虎 315576766 (1205, 'Lock wait timeout exceeded; try restarting transaction')
WARNING 2018-04-13 00:29:43,407 payslip 18368 19264 铃子+小鱼 280240521 (1205, 'Lock wait timeout exceeded; try restarting transaction')
WARNING 2018-04-13 00:29:43,408 payslip 18368 16208 薇欧氏+春苗 88880006 (1205, 'Lock wait timeout exceeded; try restarting transaction')
WARNING 2018-04-13 00:29:43,408 payslip 18368 19148 开心+兜兜 315592368 (1205, 'Lock wait timeout exceeded; try restarting transaction')
WARNING 2018-04-13 00:29:43,408 payslip 18368 9860 谜雾+娟姐 316424350 (1205, 'Lock wait timeout exceeded; try restarting transaction')
WARNING 2018-04-13 00:29:43,408 payslip 18368 4460 薇欧氏+曹瑜 260616413 (1205, 'Lock wait timeout exceeded; try restarting transaction')
WARNING 2018-04-13 00:29:43,409 payslip 18368 23432 小燕子+小金 329680365 (1205, 'Lock wait timeout exceeded; try restarting transaction')
WARNING 2018-04-13 00:29:43,409 payslip 18368 18416 周小君+赵小妞 354010721 (1205, 'Lock wait timeout exceeded; try restarting transaction')
WARNING 2018-04-13 00:29:43,410 payslip 18368 1460 微微+木木鱼 366582225 (1205, 'Lock wait timeout exceeded; try restarting transaction')
WARNING 2018-04-13 00:29:43,411 payslip 18368 19660 丫头+心舞 334098306 (1205, 'Lock wait timeout exceeded; try restarting transaction')
WARNING 2018-04-13 00:29:43,411 payslip 18368 14820 angle+唐老师 391934049 (1205, 'Lock wait timeout exceeded; try restarting transaction')
WARNING 2018-04-13 00:29:43,411 payslip 18368 19388 曹瑜+李加莉 362098402 (1205, 'Lock wait timeout exceeded; try restarting transaction')
WARNING 2018-04-13 00:29:43,412 payslip 18368 3552 谜雾+兰草 351692453 (1205, 'Lock wait timeout exceeded; try restarting transaction')
WARNING 2018-04-13 00:29:43,412 payslip 18368 8664 周小君+敏儿 342974338 (1205, 'Lock wait timeout exceeded; try restarting transaction')
WARNING 2018-04-13 00:29:43,412 payslip 18368 22848 emma酱+仔仔妈 354032266 (1205, 'Lock wait timeout exceeded; try restarting transaction')
WARNING 2018-04-13 00:29:43,412 payslip 18368 22740 周小君+沈小吉 345720932 (1205, 'Lock wait timeout exceeded; try restarting transaction')
WARNING 2018-04-13 00:29:43,412 payslip 18368 22764 毛毛+唐唐 342972349 (1205, 'Lock wait timeout exceeded; try restarting transaction')
WARNING 2018-04-13 00:29:43,412 payslip 18368 22156 米多+奕霖 366586085 (1205, 'Lock wait timeout exceeded; try restarting transaction')
WARNING 2018-04-13 00:29:43,412 payslip 18368 20640 周小君+希希 336438276 (1205, 'Lock wait timeout exceeded; try restarting transaction')
WARNING 2018-04-13 00:29:43,412 payslip 18368 23008 周小君+苗苗 310490937 (1205, 'Lock wait timeout exceeded; try restarting transaction')
WARNING 2018-04-13 00:29:43,412 payslip 18368 21124 开心+英英 336417000 (1205, 'Lock wait timeout exceeded; try restarting transaction')
WARNING 2018-04-13 00:29:43,413 payslip 18368 22468 梅小姐+猫小姐 366586080 (1205, 'Lock wait timeout exceeded; try restarting transaction')
WARNING 2018-04-13 00:29:43,413 payslip 18368 23224 平平+红红 339690366 (1205, 'Lock wait timeout exceeded; try restarting transaction')
WARNING 2018-04-13 00:29:43,413 payslip 18368 10916 孟孟+越红 342982160 (1205, 'Lock wait timeout exceeded; try restarting transaction')
WARNING 2018-04-13 00:29:43,413 payslip 18368 10060 燕子+丫丫 351724112 (1205, 'Lock wait timeout exceeded; try restarting transaction')
WARNING 2018-04-13 00:29:43,413 payslip 18368 8740 娃娃+菜心 358178476 (1205, 'Lock wait timeout exceeded; try restarting transaction')
WARNING 2018-04-13 00:29:43,413 payslip 18368 1788 开心+燕子 336428365 (1205, 'Lock wait timeout exceeded; try restarting transaction')
WARNING 2018-04-13 00:29:43,413 payslip 18368 16936 逃离+雯小姐 362112003 (1205, 'Lock wait timeout exceeded; try restarting transaction')
WARNING 2018-04-13 00:29:43,413 payslip 18368 21748 apple+yumi 151990715 (1205, 'Lock wait timeout exceeded; try restarting transaction')
WARNING 2018-04-13 00:29:43,413 payslip 18368 2108 薇欧氏+红豆 358190106 (1205, 'Lock wait timeout exceeded; try restarting transaction')
WARNING 2018-04-13 00:29:46,124 payslip 18368 21760 fen+云 120566481 (1205, 'Lock wait timeout exceeded; try restarting transaction')
WARNING 2018-04-13 00:29:52,044 payslip 18368 21844 橘子+扬帆远航 186190847 (1205, 'Lock wait timeout exceeded; try restarting transaction')
WARNING 2018-04-13 00:30:01,090 payslip 18368 21968 璞绯+RL 146340083 (1205, 'Lock wait timeout exceeded; try restarting transaction')
WARNING 2018-04-13 00:30:10,211 payslip 18368 21436 娃娃红包群二群 121096253 (1205, 'Lock wait timeout exceeded; try restarting transaction')
WARNING 2018-04-13 00:30:16,043 payslip 18368 3936 薇欧氏+蓝光 186200623 (1205, 'Lock wait timeout exceeded; try restarting transaction')
WARNING 2018-04-13 00:30:37,520 payslip 18368 21780 apple+小爱 150214304 (1205, 'Lock wait timeout exceeded; try restarting transaction')
WARNING 2018-04-13 00:30:39,179 payslip 18368 21792 vicky+lucky杨 185126281 (1205, 'Lock wait timeout exceeded; try restarting transaction')
WARNING 2018-04-13 00:30:39,179 payslip 18368 21808 lucky杨+fen 120556634 (1205, 'Lock wait timeout exceeded; try restarting transaction')
WARNING 2018-04-13 00:30:41,706 payslip 18368 21828 百花+小婷 127816025 (1205, 'Lock wait timeout exceeded; try restarting transaction')
WARNING 2018-04-13 00:30:42,348 payslip 18368 21796 菲菲+豆子 127810942 (1205, 'Lock wait timeout exceeded; try restarting transaction')
WARNING 2018-04-13 00:30:43,313 payslip 18368 21868 利利+花花 173144815 (1205, 'Lock wait timeout exceeded; try restarting transaction')
WARNING 2018-04-13 00:30:44,313 payslip 18368 21908 梅小姐+无尾熊 186204437 (1205, 'Lock wait timeout exceeded; try restarting transaction')
WARNING 2018-04-13 00:30:45,082 payslip 18368 21876 利利+黄琳 184280361 (1205, 'Lock wait timeout exceeded; try restarting transaction')
WARNING 2018-04-13 00:30:46,925 payslip 18368 21824 静静+吃货 157514527 (1205, 'Lock wait timeout exceeded; try restarting transaction')
WARNING 2018-04-13 00:30:47,399 payslip 18368 21884 利利+晓云 165850444 (1205, 'Lock wait timeout exceeded; try restarting transaction')
WARNING 2018-04-13 00:30:47,408 payslip 18368 21672 E宝+伊哩咪 173146816 计算成功
WARNING 2018-04-13 00:30:48,397 payslip 18368 21736 Amanda+Lizy 184294101 计算成功
WARNING 2018-04-13 00:30:48,787 payslip 18368 21840 孟孟+果果 186244326 (1205, 'Lock wait timeout exceeded; try restarting transaction')
WARNING 2018-04-13 00:30:48,897 payslip 18368 21756 apple+静静 173164213 计算成功
WARNING 2018-04-13 00:30:50,761 payslip 18368 21888 敏敏+李景 150996438 (1205, 'Lock wait timeout exceeded; try restarting transaction')
WARNING 2018-04-13 00:30:50,761 payslip 18368 22000 妮姐+苏苏 190476634 (1205, 'Lock wait timeout exceeded; try restarting transaction')
WARNING 2018-04-13 00:30:50,793 payslip 18368 21788 oli黄+小米 120570400 计算成功
WARNING 2018-04-13 00:30:52,929 payslip 18368 21644 妮妮+贾妹 173138725 (1205, 'Lock wait timeout exceeded; try restarting transaction')
WARNING 2018-04-13 00:30:52,929 payslip 18368 21960 妮姐+华华 186216293 (1205, 'Lock wait timeout exceeded; try restarting transaction')
WARNING 2018-04-13 00:30:53,928 payslip 18368 21624 妮妮+白云 120572172 (1205, 'Lock wait timeout exceeded; try restarting transaction')
WARNING 2018-04-13 00:30:54,301 payslip 18368 21580 妮妮+vivi 173168155 (1205, 'Lock wait timeout exceeded; try restarting transaction')
WARNING 2018-04-13 00:30:54,301 payslip 18368 21640 璞绯+loveabu 186262090 (1205, 'Lock wait timeout exceeded; try restarting transaction')
WARNING 2018-04-13 00:30:55,381 payslip 18368 22004 璞绯红包群 184294086 (1205, 'Lock wait timeout exceeded; try restarting transaction')
WARNING 2018-04-13 00:30:55,393 payslip 18368 21812 百花+忘忧草 186214237 计算成功
WARNING 2018-04-13 00:30:55,441 payslip 18368 21772 lizy+毛毛 121240488 计算成功
WARNING 2018-04-13 00:30:57,193 payslip 18368 22016 璞绯+开心 184294052 (1205, 'Lock wait timeout exceeded; try restarting transaction')
WARNING 2018-04-13 00:30:57,193 payslip 18368 21944 璞绯+铃子 141258314 (1205, 'Lock wait timeout exceeded; try restarting transaction')
WARNING 2018-04-13 00:30:57,278 payslip 18368 21752 oli黄+谭芳 185106757 计算成功
WARNING 2018-04-13 00:30:59,209 payslip 18368 22064 璞绯+妖精 184256878 (1205, 'Lock wait timeout exceeded; try restarting transaction')
WARNING 2018-04-13 00:30:59,209 payslip 18368 22012 璞绯+清清 185132069 (1205, 'Lock wait timeout exceeded; try restarting transaction')
WARNING 2018-04-13 00:30:59,236 payslip 18368 21872 隽隽+林林 186264075 计算成功
WARNING 2018-04-13 00:31:01,040 payslip 18368 22024 秋天猫+老张 132502347 (1205, 'Lock wait timeout exceeded; try restarting transaction')
WARNING 2018-04-13 00:31:01,045 payslip 18368 22060 田希+君子 153300828 (1205, 'Lock wait timeout exceeded; try restarting transaction')
WARNING 2018-04-13 00:31:02,973 payslip 18368 21856 开心+山丘 184256870 计算成功
WARNING 2018-04-13 00:31:03,235 payslip 18368 22068 娃娃+apple 173162248 (1205, 'Lock wait timeout exceeded; try restarting transaction')
WARNING 2018-04-13 00:31:03,235 payslip 18368 22044 山丘+悠悠 162470357 (1205, 'Lock wait timeout exceeded; try restarting transaction')
WARNING 2018-04-13 00:31:03,711 payslip 18368 21892 铃子+凌雕漆 150424261 计算成功
WARNING 2018-04-13 00:31:05,465 payslip 18368 22088 娃娃+豆豆 184256832 (1205, 'Lock wait timeout exceeded; try restarting transaction')
WARNING 2018-04-13 00:31:05,465 payslip 18368 22092 娃娃+菲菲 184248989 (1205, 'Lock wait timeout exceeded; try restarting transaction')
WARNING 2018-04-13 00:31:06,465 payslip 18368 20096 微微+小佩 120570699 (1205, 'Lock wait timeout exceeded; try restarting transaction')
WARNING 2018-04-13 00:31:07,465 payslip 18368 13416 忘忧草+angle 127814273 (1205, 'Lock wait timeout exceeded; try restarting transaction')
WARNING 2018-04-13 00:31:07,465 payslip 18368 3768 薇欧氏+emma酱 184290244 (1205, 'Lock wait timeout exceeded; try restarting transaction')
WARNING 2018-04-13 00:31:08,466 payslip 18368 22120 薇欧氏+oli黄 186204456 (1205, 'Lock wait timeout exceeded; try restarting transaction')
WARNING 2018-04-13 00:31:09,466 payslip 18368 9368 薇欧氏+妮妮 184274402 (1205, 'Lock wait timeout exceeded; try restarting transaction')
WARNING 2018-04-13 00:31:10,466 payslip 18368 19940 薇欧氏+冷暖自知 191148952 (1205, 'Lock wait timeout exceeded; try restarting transaction')
WARNING 2018-04-13 00:31:10,466 payslip 18368 11464 薇欧氏红包群 184276476 (1205, 'Lock wait timeout exceeded; try restarting transaction')
WARNING 2018-04-13 00:31:11,319 payslip 18368 22096 薇欧氏+丫头 184290167 (1205, 'Lock wait timeout exceeded; try restarting transaction')
WARNING 2018-04-13 00:31:11,519 payslip 18368 21924 米多+alice 186204451 计算成功
WARNING 2018-04-13 00:31:12,469 payslip 18368 20500 薇欧氏+周小君 184280254 (1205, 'Lock wait timeout exceeded; try restarting transaction')
WARNING 2018-04-13 00:31:13,470 payslip 18368 9888 薇欧氏+丫丫 191168613 (1205, 'Lock wait timeout exceeded; try restarting transaction')
WARNING 2018-04-13 00:31:14,470 payslip 18368 1752 西西+茹果 193254585 (1205, 'Lock wait timeout exceeded; try restarting transaction')
WARNING 2018-04-13 00:31:14,470 payslip 18368 15692 薇欧氏+逃离 184270656 (1205, 'Lock wait timeout exceeded; try restarting transaction')
WARNING 2018-04-13 00:31:15,470 payslip 18368 17936 西西+平平 174270658 (1205, 'Lock wait timeout exceeded; try restarting transaction')
WARNING 2018-04-13 00:31:16,206 payslip 18368 21864 梅小姐+旋子 122982897 计算成功
WARNING 2018-04-13 00:31:16,471 payslip 18368 4272 小牛+孟孟 185108787 (1205, 'Lock wait timeout exceeded; try restarting transaction')
WARNING 2018-04-13 00:31:16,471 payslip 18368 3752 小米+拽丫头 152850821 (1205, 'Lock wait timeout exceeded; try restarting transaction')
WARNING 2018-04-13 00:31:17,607 payslip 18368 13940 小燕子+小雨 185130223 (1205, 'Lock wait timeout exceeded; try restarting transaction')
WARNING 2018-04-13 00:31:18,608 payslip 18368 19496 幸福树+胖骨头 155552351 (1205, 'Lock wait timeout exceeded; try restarting transaction')
WARNING 2018-04-13 00:31:19,149 payslip 18368 13660 心心+聚宝盆 151994621 (1205, 'Lock wait timeout exceeded; try restarting transaction')
WARNING 2018-04-13 00:31:19,150 payslip 18368 3760 熊熊+老巴子 122046301 (1205, 'Lock wait timeout exceeded; try restarting transaction')
WARNING 2018-04-13 00:31:19,492 payslip 18368 22028 璞绯+枫叶秋实 120570698 计算成功
WARNING 2018-04-13 00:31:21,150 payslip 18368 6500 旋子+慧子 185124290 (1205, 'Lock wait timeout exceeded; try restarting transaction')
WARNING 2018-04-13 00:31:21,707 payslip 18368 21404 妮妮+Amanda 184248927 计算成功
WARNING 2018-04-13 00:31:22,150 payslip 18368 18720 旋子+那年花开 132950831 (1205, 'Lock wait timeout exceeded; try restarting transaction')
WARNING 2018-04-13 00:31:23,150 payslip 18368 19760 旋子+秋天猫 130460971 (1205, 'Lock wait timeout exceeded; try restarting transaction')
WARNING 2018-04-13 00:31:24,151 payslip 18368 6532 旋子+月月 135988816 (1205, 'Lock wait timeout exceeded; try restarting transaction')
WARNING 2018-04-13 00:31:24,394 payslip 18368 21996 璞绯+百花 184280319 计算成功
WARNING 2018-04-13 00:31:26,263 payslip 18368 22048 璞绯+米多 184260779 计算成功
WARNING 2018-04-13 00:31:26,542 payslip 18368 22008 璞绯+梅小姐 184264695 计算成功
WARNING 2018-04-13 00:31:27,342 payslip 18368 22036 娃娃+微微 185116507 计算成功
WARNING 2018-04-13 00:31:28,755 payslip 18368 18992 薇欧氏+备 191168620 计算成功
WARNING 2018-04-13 00:31:29,516 payslip 18368 22080 逃离+小燕子 184264686 计算成功
WARNING 2018-04-13 00:31:29,521 payslip 18368 21256 薇欧氏+筱莉 191158908 计算成功
WARNING 2018-04-13 00:31:30,460 payslip 18368 21452 幸福树+九儿 185102909 计算成功
WARNING 2018-04-13 00:31:31,722 payslip 18368 3324 旋子+利利 130334372 计算成功
WARNING 2018-04-13 00:31:31,840 payslip 18368 15020 旋子+多米 145608365 计算成功
WARNING 2018-04-13 00:31:32,338 payslip 18368 20164 旋子+妮姐 131864332 计算成功
WARNING 2018-04-13 00:38:18,627 payslip 18368 23408 开始多线程计算工资
WARNING 2018-04-13 00:38:19,331 payslip 18368 20212 璞绯+铃子 141258314 (1040, 'Too many connections')
WARNING 2018-04-13 00:38:19,339 payslip 18368 22432 璞绯+妖精 184256878 (1040, 'Too many connections')
WARNING 2018-04-13 00:38:19,339 payslip 18368 21024 妮妮+贾妹 173138725 (1040, 'Too many connections')
WARNING 2018-04-13 00:38:19,350 payslip 18368 7064 璞绯+开心 184294052 (1040, 'Too many connections')
WARNING 2018-04-13 00:38:19,354 payslip 18368 6192 秋天猫+老张 132502347 (1040, 'Too many connections')
WARNING 2018-04-13 00:38:19,361 payslip 18368 17780 璞绯+清清 185132069 (1040, 'Too many connections')
WARNING 2018-04-13 00:38:19,364 payslip 18368 8740 田希+君子 153300828 (1040, 'Too many connections')
WARNING 2018-04-13 00:38:19,369 payslip 18368 22740 娃娃+apple 173162248 (1040, 'Too many connections')
WARNING 2018-04-13 00:38:19,372 payslip 18368 22664 娃娃+豆豆 184256832 (1040, 'Too many connections')
WARNING 2018-04-13 00:38:19,372 payslip 18368 21392 娃娃+菲菲 184248989 (1040, 'Too many connections')
WARNING 2018-04-13 00:38:19,374 payslip 18368 23468 娃娃红包群二群 121096253 (1040, 'Too many connections')
WARNING 2018-04-13 00:38:19,378 payslip 18368 3552 山丘+悠悠 162470357 (1040, 'Too many connections')
WARNING 2018-04-13 00:38:19,378 payslip 18368 11676 微微+小佩 120570699 (1040, 'Too many connections')
WARNING 2018-04-13 00:38:19,381 payslip 18368 5632 薇欧氏+emma酱 184290244 (1040, 'Too many connections')
WARNING 2018-04-13 00:38:19,382 payslip 18368 21896 薇欧氏+oli黄 186204456 (1040, 'Too many connections')
WARNING 2018-04-13 00:38:19,382 payslip 18368 23012 薇欧氏+蓝光 186200623 (1040, 'Too many connections')
WARNING 2018-04-13 00:38:19,384 payslip 18368 21324 忘忧草+angle 127814273 (1040, 'Too many connections')
WARNING 2018-04-13 00:38:19,385 payslip 18368 21188 薇欧氏+妮妮 184274402 (1040, 'Too many connections')
WARNING 2018-04-13 00:38:19,386 payslip 18368 22196 薇欧氏+逃离 184270656 (1040, 'Too many connections')
WARNING 2018-04-13 00:38:19,387 payslip 18368 21732 薇欧氏+丫头 184290167 (1040, 'Too many connections')
WARNING 2018-04-13 00:38:19,387 payslip 18368 13952 薇欧氏+丫丫 191168613 (1040, 'Too many connections')
WARNING 2018-04-13 00:38:19,389 payslip 18368 22640 薇欧氏+周小君 184280254 (1040, 'Too many connections')
WARNING 2018-04-13 00:38:19,390 payslip 18368 17020 薇欧氏+冷暖自知 191148952 (1040, 'Too many connections')
WARNING 2018-04-13 00:38:19,392 payslip 18368 21548 西西+平平 174270658 (1040, 'Too many connections')
WARNING 2018-04-13 00:38:19,393 payslip 18368 4052 西西+茹果 193254585 (1040, 'Too many connections')
WARNING 2018-04-13 00:38:19,395 payslip 18368 21424 小火车+檬宝 186110654 (1040, 'Too many connections')
WARNING 2018-04-13 00:38:19,396 payslip 18368 5528 小米+拽丫头 152850821 (1040, 'Too many connections')
WARNING 2018-04-13 00:38:19,399 payslip 18368 19784 小牛+孟孟 185108787 (1040, 'Too many connections')
WARNING 2018-04-13 00:38:19,400 payslip 18368 18964 小燕子+小雨 185130223 (1040, 'Too many connections')
WARNING 2018-04-13 00:38:19,402 payslip 18368 23128 心心+聚宝盆 151994621 (1040, 'Too many connections')
WARNING 2018-04-13 00:38:19,403 payslip 18368 17516 幸福树+胖骨头 155552351 (1040, 'Too many connections')
WARNING 2018-04-13 00:38:19,404 payslip 18368 22368 熊熊+老巴子 122046301 (1040, 'Too many connections')
WARNING 2018-04-13 00:38:19,405 payslip 18368 17364 旋子+慧子 185124290 (1040, 'Too many connections')
WARNING 2018-04-13 00:38:19,406 payslip 18368 20940 旋子+那年花开 132950831 (1040, 'Too many connections')
WARNING 2018-04-13 00:38:19,408 payslip 18368 10404 旋子+秋天猫 130460971 (1040, 'Too many connections')
WARNING 2018-04-13 00:38:19,409 payslip 18368 9116 旋子+熙彤 130326639 (1040, 'Too many connections')
WARNING 2018-04-13 00:38:19,411 payslip 18368 18372 旋子+月月 135988816 (1040, 'Too many connections')
WARNING 2018-04-13 00:38:19,412 payslip 18368 22132 丫头+Ada 186188785 (1040, 'Too many connections')
WARNING 2018-04-13 00:38:19,413 payslip 18368 18856 丫头+王小刚 143934608 (1040, 'Too many connections')
WARNING 2018-04-13 00:38:19,414 payslip 18368 7928 扬帆远航+催乳师 151008182 (1040, 'Too many connections')
WARNING 2018-04-13 00:38:19,415 payslip 18368 19716 扬帆远航+淡然 157278258 (1040, 'Too many connections')
WARNING 2018-04-13 00:38:19,417 payslip 18368 20840 妖精+杜杜 185122364 (1040, 'Too many connections')
WARNING 2018-04-13 00:38:19,420 payslip 18368 18544 妖精+乖乖 120556864 (1040, 'Too many connections')
WARNING 2018-04-13 00:38:19,421 payslip 18368 10832 妖精+谜雾 185120320 (1040, 'Too many connections')
WARNING 2018-04-13 00:38:19,422 payslip 18368 9164 伊哩咪+狂风 173630871 (1040, 'Too many connections')
WARNING 2018-04-13 00:38:19,423 payslip 18368 8020 月月+冰雪 186200646 (1040, 'Too many connections')
WARNING 2018-04-13 00:38:19,424 payslip 18368 19836 月月+妞妞 155130772 (1040, 'Too many connections')
WARNING 2018-04-13 00:38:19,425 payslip 18368 23396 云云+艳阳 173142830 (1040, 'Too many connections')
WARNING 2018-04-13 00:38:19,427 payslip 18368 15500 周小君+vicky 185092886 (1040, 'Too many connections')
WARNING 2018-04-13 00:38:19,428 payslip 18368 4116 周小君+小白 185134035 (1040, 'Too many connections')
WARNING 2018-04-13 00:38:19,429 payslip 18368 14784 周小君+娜娜 210854281 (1040, 'Too many connections')
WARNING 2018-04-13 00:38:19,430 payslip 18368 18536 黄琳+黄宇 212974825 (1040, 'Too many connections')
WARNING 2018-04-13 00:38:19,431 payslip 18368 10688 铃子+花式 222058027 (1040, 'Too many connections')
WARNING 2018-04-13 00:38:19,433 payslip 18368 8424 娃娃+小火车 256790560 (1040, 'Too many connections')
WARNING 2018-04-13 00:38:19,434 payslip 18368 22676 娃娃+Ting 88880001 (1040, 'Too many connections')
WARNING 2018-04-13 00:38:19,435 payslip 18368 20620 娃娃+副群主 88880002 (1040, 'Too many connections')
WARNING 2018-04-13 00:38:19,436 payslip 18368 18888 薇欧氏+克拉克 88880003 (1040, 'Too many connections')
WARNING 2018-04-13 00:38:19,437 payslip 18368 21684 薇欧氏+冥王 88880004 (1040, 'Too many connections')
WARNING 2018-04-13 00:38:19,438 payslip 18368 22920 薇欧氏+副群主 88880005 (1040, 'Too many connections')
WARNING 2018-04-13 00:38:19,440 payslip 18368 19644 薇欧氏+春苗 88880006 (1040, 'Too many connections')
WARNING 2018-04-13 00:38:19,441 payslip 18368 3152 铃子+小鱼 280240521 (1040, 'Too many connections')
WARNING 2018-04-13 00:38:19,442 payslip 18368 22876 周小君+苗苗 310490937 (1040, 'Too many connections')
WARNING 2018-04-13 00:38:19,444 payslip 18368 17208 开心+兜兜 315592368 (1040, 'Too many connections')
WARNING 2018-04-13 00:38:19,445 payslip 18368 20748 lizy+老虎 315576766 (1040, 'Too many connections')
WARNING 2018-04-13 00:38:19,447 payslip 18368 22736 谜雾+娟姐 316424350 (1040, 'Too many connections')
WARNING 2018-04-13 00:38:19,448 payslip 18368 17760 小燕子+小金 329680365 (1040, 'Too many connections')
WARNING 2018-04-13 00:38:19,449 payslip 18368 7052 薇欧氏+曹瑜 260616413 (1040, 'Too many connections')
WARNING 2018-04-13 00:38:19,451 payslip 18368 20716 丫头+心舞 334098306 (1040, 'Too many connections')
WARNING 2018-04-13 00:38:19,452 payslip 18368 16980 开心+燕子 336428365 (1040, 'Too many connections')
WARNING 2018-04-13 00:38:19,452 payslip 18368 21244 开心+英英 336417000 (1040, 'Too many connections')
WARNING 2018-04-13 00:38:19,454 payslip 18368 19524 周小君+希希 336438276 (1040, 'Too many connections')
WARNING 2018-04-13 00:38:19,455 payslip 18368 4652 平平+红红 339690366 (1040, 'Too many connections')
WARNING 2018-04-13 00:38:19,456 payslip 18368 22816 毛毛+唐唐 342972349 (1040, 'Too many connections')
WARNING 2018-04-13 00:38:19,457 payslip 18368 23216 周小君+敏儿 342974338 (1040, 'Too many connections')
WARNING 2018-04-13 00:38:19,458 payslip 18368 18980 谜雾+兰草 351692453 (1040, 'Too many connections')
WARNING 2018-04-13 00:38:19,460 payslip 18368 18416 燕子+丫丫 351724112 (1040, 'Too many connections')
WARNING 2018-04-13 00:38:19,461 payslip 18368 18464 娃娃+菜心 358178476 (1040, 'Too many connections')
WARNING 2018-04-13 00:38:19,462 payslip 18368 18652 angle+唐老师 391934049 (1040, 'Too many connections')
WARNING 2018-04-13 00:38:19,463 payslip 18368 20928 孟孟+越红 342982160 (1040, 'Too many connections')
WARNING 2018-04-13 00:38:19,464 payslip 18368 8172 周小君+赵小妞 354010721 (1040, 'Too many connections')
WARNING 2018-04-13 00:38:19,465 payslip 18368 21328 emma酱+仔仔妈 354032266 (1040, 'Too many connections')
WARNING 2018-04-13 00:38:19,467 payslip 18368 14900 薇欧氏+红豆 358190106 (1040, 'Too many connections')
WARNING 2018-04-13 00:38:19,468 payslip 18368 22492 微微+木木鱼 366582225 (1040, 'Too many connections')
WARNING 2018-04-13 00:38:19,468 payslip 18368 11864 梅小姐+猫小姐 366586080 (1040, 'Too many connections')
WARNING 2018-04-13 00:38:19,470 payslip 18368 14184 米多+奕霖 366586085 (1040, 'Too many connections')
WARNING 2018-04-13 00:38:19,471 payslip 18368 18576 周小君+沈小吉 345720932 (1040, 'Too many connections')
WARNING 2018-04-13 00:38:19,472 payslip 18368 11392 曹瑜+李加莉 362098402 (1040, 'Too many connections')
WARNING 2018-04-13 00:38:19,472 payslip 18368 4256 逃离+雯小姐 362112003 (1040, 'Too many connections')
WARNING 2018-04-13 00:38:59,804 payslip 18368 20436 fen+云 120566481 计算成功
WARNING 2018-04-13 00:39:01,285 payslip 18368 21156 apple+小爱 150214304 计算成功
WARNING 2018-04-13 00:39:02,811 payslip 18368 22832 apple+hp 150976539 计算成功
WARNING 2018-04-13 00:39:03,309 payslip 18368 22616 apple+yumi 151990715 计算成功
WARNING 2018-04-13 00:39:05,537 payslip 18368 22280 vicky+lucky杨 185126281 计算成功
WARNING 2018-04-13 00:39:07,291 payslip 18368 22756 lucky杨+fen 120556634 计算成功
WARNING 2018-04-13 00:39:07,628 payslip 18368 20980 静静+吃货 157514527 计算成功
WARNING 2018-04-13 00:39:09,081 payslip 18368 22496 菲菲+豆子 127810942 计算成功
WARNING 2018-04-13 00:39:10,446 payslip 18368 2800 橘子+扬帆远航 186190847 计算成功
WARNING 2018-04-13 00:39:11,833 payslip 18368 2848 利利+花花 173144815 计算成功
WARNING 2018-04-13 00:39:12,838 payslip 18368 21208 百花+小婷 127816025 计算成功
WARNING 2018-04-13 00:39:14,810 payslip 18368 22180 利利+黄琳 184280361 计算成功
WARNING 2018-04-13 00:39:15,225 payslip 18368 22732 梅小姐+无尾熊 186204437 计算成功
WARNING 2018-04-13 00:39:19,741 payslip 18368 18900 利利+晓云 165850444 计算成功
WARNING 2018-04-13 00:39:19,811 payslip 18368 11856 孟孟+果果 186244326 计算成功
WARNING 2018-04-13 00:39:23,606 payslip 18368 13772 妮姐+华华 186216293 计算成功
WARNING 2018-04-13 00:39:25,697 payslip 18368 19176 妮姐+苏苏 190476634 计算成功
WARNING 2018-04-13 00:39:27,137 payslip 18368 20364 妮妮+白云 120572172 计算成功
WARNING 2018-04-13 00:39:29,062 payslip 18368 22176 敏敏+李景 150996438 计算成功
WARNING 2018-04-13 00:39:29,967 payslip 18368 9480 妮妮+vivi 173168155 计算成功
WARNING 2018-04-13 00:39:31,330 payslip 18368 21688 璞绯红包群 184294086 计算成功
WARNING 2018-04-13 00:39:31,333 payslip 18368 19876 璞绯+RL 146340083 计算成功
WARNING 2018-04-13 00:39:32,274 payslip 18368 13936 璞绯+loveabu 186262090 计算成功
WARNING 2018-04-13 00:39:33,497 payslip 18368 23164 薇欧氏红包群 184276476 计算成功
WARNING 2018-04-13 00:40:18,175 payslip 18368 21552 开始多线程计算工资
WARNING 2018-04-13 00:41:10,244 payslip 18368 8440 平平+红红 339690366 (1205, 'Lock wait timeout exceeded; try restarting transaction')
WARNING 2018-04-13 00:41:10,244 payslip 18368 21400 娃娃+菜心 358178476 (1205, 'Lock wait timeout exceeded; try restarting transaction')
WARNING 2018-04-13 00:41:10,245 payslip 18368 19580 谜雾+兰草 351692453 (1205, 'Lock wait timeout exceeded; try restarting transaction')
WARNING 2018-04-13 00:41:10,245 payslip 18368 22948 angle+唐老师 391934049 (1205, 'Lock wait timeout exceeded; try restarting transaction')
WARNING 2018-04-13 00:41:10,245 payslip 18368 22840 孟孟+越红 342982160 (1205, 'Lock wait timeout exceeded; try restarting transaction')
WARNING 2018-04-13 00:41:10,245 payslip 18368 23084 周小君+赵小妞 354010721 (1205, 'Lock wait timeout exceeded; try restarting transaction')
WARNING 2018-04-13 00:41:10,245 payslip 18368 6772 微微+木木鱼 366582225 (1205, 'Lock wait timeout exceeded; try restarting transaction')
WARNING 2018-04-13 00:41:10,246 payslip 18368 5532 薇欧氏+红豆 358190106 (1205, 'Lock wait timeout exceeded; try restarting transaction')
WARNING 2018-04-13 00:41:10,246 payslip 18368 12096 燕子+丫丫 351724112 (1205, 'Lock wait timeout exceeded; try restarting transaction')
WARNING 2018-04-13 00:41:10,246 payslip 18368 14464 emma酱+仔仔妈 354032266 (1205, 'Lock wait timeout exceeded; try restarting transaction')
WARNING 2018-04-13 00:41:10,246 payslip 18368 21024 梅小姐+猫小姐 366586080 (1205, 'Lock wait timeout exceeded; try restarting transaction')
WARNING 2018-04-13 00:41:10,246 payslip 18368 20556 曹瑜+李加莉 362098402 (1205, 'Lock wait timeout exceeded; try restarting transaction')
WARNING 2018-04-13 00:41:10,246 payslip 18368 8476 米多+奕霖 366586085 (1205, 'Lock wait timeout exceeded; try restarting transaction')
WARNING 2018-04-13 00:41:10,247 payslip 18368 20920 周小君+沈小吉 345720932 (1205, 'Lock wait timeout exceeded; try restarting transaction')
WARNING 2018-04-13 00:41:10,247 payslip 18368 5856 逃离+雯小姐 362112003 (1205, 'Lock wait timeout exceeded; try restarting transaction')
WARNING 2018-04-13 00:41:10,247 payslip 18368 18912 璞绯+清清 185132069 (1205, 'Lock wait timeout exceeded; try restarting transaction')
WARNING 2018-04-13 00:41:13,031 payslip 18368 21520 璞绯+铃子 141258314 (1205, 'Lock wait timeout exceeded; try restarting transaction')
WARNING 2018-04-13 00:42:04,373 payslip 18368 21636 娃娃红包群二群 121096253 (1205, 'Lock wait timeout exceeded; try restarting transaction')
WARNING 2018-04-13 00:42:05,156 payslip 18368 21592 秋天猫+老张 132502347 (1205, 'Lock wait timeout exceeded; try restarting transaction')
WARNING 2018-04-13 00:42:06,374 payslip 18368 11072 娃娃+apple 173162248 (1205, 'Lock wait timeout exceeded; try restarting transaction')
WARNING 2018-04-13 00:42:08,375 payslip 18368 21664 薇欧氏+emma酱 184290244 (1205, 'Lock wait timeout exceeded; try restarting transaction')
WARNING 2018-04-13 00:42:08,376 payslip 18368 21656 娃娃+菲菲 184248989 (1205, 'Lock wait timeout exceeded; try restarting transaction')
WARNING 2018-04-13 00:42:09,376 payslip 18368 21712 忘忧草+angle 127814273 (1205, 'Lock wait timeout exceeded; try restarting transaction')
WARNING 2018-04-13 00:42:10,047 payslip 18368 19116 薇欧氏+oli黄 186204456 (1205, 'Lock wait timeout exceeded; try restarting transaction')
WARNING 2018-04-13 00:42:11,046 payslip 18368 21600 薇欧氏+冷暖自知 191148952 (1205, 'Lock wait timeout exceeded; try restarting transaction')
WARNING 2018-04-13 00:42:12,046 payslip 18368 19148 薇欧氏+妮妮 184274402 (1205, 'Lock wait timeout exceeded; try restarting transaction')
WARNING 2018-04-13 00:42:13,047 payslip 18368 18736 薇欧氏+丫头 184290167 (1205, 'Lock wait timeout exceeded; try restarting transaction')
WARNING 2018-04-13 00:42:15,047 payslip 18368 19660 薇欧氏+周小君 184280254 (1205, 'Lock wait timeout exceeded; try restarting transaction')
WARNING 2018-04-13 00:42:16,039 payslip 18368 21828 小米+拽丫头 152850821 (1205, 'Lock wait timeout exceeded; try restarting transaction')
WARNING 2018-04-13 00:42:16,555 payslip 18368 21556 璞绯+开心 184294052 计算成功
WARNING 2018-04-13 00:42:17,042 payslip 18368 19828 西西+平平 174270658 (1205, 'Lock wait timeout exceeded; try restarting transaction')
WARNING 2018-04-13 00:42:18,044 payslip 18368 21860 小牛+孟孟 185108787 (1205, 'Lock wait timeout exceeded; try restarting transaction')
WARNING 2018-04-13 00:42:18,954 payslip 18368 21612 璞绯+妖精 184256878 计算成功
WARNING 2018-04-13 00:42:18,959 payslip 18368 21544 妮妮+贾妹 173138725 计算成功
WARNING 2018-04-13 00:42:20,414 payslip 18368 21836 熊熊+老巴子 122046301 (1205, 'Lock wait timeout exceeded; try restarting transaction')
WARNING 2018-04-13 00:42:20,414 payslip 18368 21868 小燕子+小雨 185130223 (1205, 'Lock wait timeout exceeded; try restarting transaction')
WARNING 2018-04-13 00:42:20,425 payslip 18368 21632 山丘+悠悠 162470357 计算成功
WARNING 2018-04-13 00:42:22,823 payslip 18368 21584 娃娃+豆豆 184256832 计算成功
WARNING 2018-04-13 00:42:22,963 payslip 18368 21928 旋子+熙彤 130326639 (1205, 'Lock wait timeout exceeded; try restarting transaction')
WARNING 2018-04-13 00:42:23,965 payslip 18368 21840 旋子+那年花开 132950831 (1205, 'Lock wait timeout exceeded; try restarting transaction')
WARNING 2018-04-13 00:42:24,172 payslip 18368 21888 旋子+秋天猫 130460971 (1205, 'Lock wait timeout exceeded; try restarting transaction')
WARNING 2018-04-13 00:42:24,283 payslip 18368 21628 田希+君子 153300828 计算成功
WARNING 2018-04-13 00:42:25,172 payslip 18368 21640 扬帆远航+催乳师 151008182 (1205, 'Lock wait timeout exceeded; try restarting transaction')
WARNING 2018-04-13 00:42:25,394 payslip 18368 21700 微微+小佩 120570699 计算成功
WARNING 2018-04-13 00:42:27,467 payslip 18368 21948 妖精+杜杜 185122364 (1205, 'Lock wait timeout exceeded; try restarting transaction')
WARNING 2018-04-13 00:42:28,468 payslip 18368 21944 妖精+乖乖 120556864 (1205, 'Lock wait timeout exceeded; try restarting transaction')
WARNING 2018-04-13 00:42:28,803 payslip 18368 23432 薇欧氏+丫丫 191168613 计算成功
WARNING 2018-04-13 00:42:30,468 payslip 18368 22064 伊哩咪+狂风 173630871 (1205, 'Lock wait timeout exceeded; try restarting transaction')
WARNING 2018-04-13 00:42:30,468 payslip 18368 21988 妖精+谜雾 185120320 (1205, 'Lock wait timeout exceeded; try restarting transaction')
WARNING 2018-04-13 00:42:31,812 payslip 18368 20136 薇欧氏+蓝光 186200623 计算成功
WARNING 2018-04-13 00:42:32,075 payslip 18368 22116 周小君+vicky 185092886 (1205, 'Lock wait timeout exceeded; try restarting transaction')
WARNING 2018-04-13 00:42:32,075 payslip 18368 22024 月月+妞妞 155130772 (1205, 'Lock wait timeout exceeded; try restarting transaction')
WARNING 2018-04-13 00:42:32,092 payslip 18368 21820 西西+茹果 193254585 计算成功
WARNING 2018-04-13 00:42:32,164 payslip 18368 23272 薇欧氏+逃离 184270656 计算成功
WARNING 2018-04-13 00:42:34,471 payslip 18368 11156 娃娃+Ting 88880001 (1205, 'Lock wait timeout exceeded; try restarting transaction')
WARNING 2018-04-13 00:42:35,470 payslip 18368 20096 铃子+花式 222058027 (1205, 'Lock wait timeout exceeded; try restarting transaction')
WARNING 2018-04-13 00:42:36,471 payslip 18368 13416 娃娃+小火车 256790560 (1205, 'Lock wait timeout exceeded; try restarting transaction')
WARNING 2018-04-13 00:42:37,471 payslip 18368 22120 娃娃+副群主 88880002 (1205, 'Lock wait timeout exceeded; try restarting transaction')
WARNING 2018-04-13 00:42:37,680 payslip 18368 21852 幸福树+胖骨头 155552351 计算成功
WARNING 2018-04-13 00:42:38,471 payslip 18368 22092 黄琳+黄宇 212974825 (1205, 'Lock wait timeout exceeded; try restarting transaction')
WARNING 2018-04-13 00:42:38,843 payslip 18368 11040 心心+聚宝盆 151994621 计算成功
WARNING 2018-04-13 00:42:39,023 payslip 18368 22084 薇欧氏+克拉克 88880003 (1205, 'Lock wait timeout exceeded; try restarting transaction')
WARNING 2018-04-13 00:42:39,023 payslip 18368 11384 薇欧氏+冥王 88880004 (1205, 'Lock wait timeout exceeded; try restarting transaction')
WARNING 2018-04-13 00:42:40,030 payslip 18368 21824 旋子+慧子 185124290 计算成功
WARNING 2018-04-13 00:42:41,690 payslip 18368 21624 丫头+王小刚 143934608 计算成功
WARNING 2018-04-13 00:42:42,109 payslip 18368 20656 谜雾+娟姐 316424350 (1205, 'Lock wait timeout exceeded; try restarting transaction')
WARNING 2018-04-13 00:42:42,109 payslip 18368 9888 铃子+小鱼 280240521 (1205, 'Lock wait timeout exceeded; try restarting transaction')
WARNING 2018-04-13 00:42:42,119 payslip 18368 21084 丫头+Ada 186188785 计算成功
WARNING 2018-04-13 00:42:43,028 payslip 18368 21576 旋子+月月 135988816 计算成功
WARNING 2018-04-13 00:42:43,844 payslip 18368 21580 扬帆远航+淡然 157278258 计算成功
WARNING 2018-04-13 00:42:45,583 payslip 18368 15692 周小君+苗苗 310490937 (1205, 'Lock wait timeout exceeded; try restarting transaction')
WARNING 2018-04-13 00:42:46,584 payslip 18368 19760 开心+英英 336417000 (1205, 'Lock wait timeout exceeded; try restarting transaction')
WARNING 2018-04-13 00:42:46,714 payslip 18368 22068 周小君+小白 185134035 计算成功
WARNING 2018-04-13 00:42:47,101 payslip 18368 6500 开心+燕子 336428365 (1205, 'Lock wait timeout exceeded; try restarting transaction')
WARNING 2018-04-13 00:42:47,567 payslip 18368 21976 云云+艳阳 173142830 计算成功
WARNING 2018-04-13 00:42:48,111 payslip 18368 15244 周小君+希希 336438276 (1205, 'Lock wait timeout exceeded; try restarting transaction')
WARNING 2018-04-13 00:42:48,472 payslip 18368 22020 月月+冰雪 186200646 计算成功
WARNING 2018-04-13 00:42:50,784 payslip 18368 19036 薇欧氏+副群主 88880005 计算成功
WARNING 2018-04-13 00:42:51,669 payslip 18368 22088 周小君+娜娜 210854281 计算成功
WARNING 2018-04-13 00:42:52,339 payslip 18368 8736 薇欧氏+春苗 88880006 计算成功
WARNING 2018-04-13 00:42:52,897 payslip 18368 17936 开心+兜兜 315592368 计算成功
WARNING 2018-04-13 00:42:53,713 payslip 18368 3752 小燕子+小金 329680365 计算成功
WARNING 2018-04-13 00:42:54,264 payslip 18368 3760 丫头+心舞 334098306 计算成功
WARNING 2018-04-13 00:42:55,151 payslip 18368 19496 薇欧氏+曹瑜 260616413 计算成功
WARNING 2018-04-13 00:42:55,716 payslip 18368 18280 lizy+老虎 315576766 计算成功
WARNING 2018-04-13 00:42:56,338 payslip 18368 19628 周小君+敏儿 342974338 计算成功
WARNING 2018-04-13 00:42:56,978 payslip 18368 6552 毛毛+唐唐 342972349 计算成功
WARNING 2018-04-13 00:43:46,472 payslip 18368 19816 开始多线程计算工资
WARNING 2018-04-13 00:43:47,248 payslip 18368 21900 周小君+希希 336438276 (1040, 'Too many connections')
WARNING 2018-04-13 00:43:47,265 payslip 18368 20996 谜雾+兰草 351692453 (1040, 'Too many connections')
WARNING 2018-04-13 00:43:47,265 payslip 18368 21528 开心+英英 336417000 (1040, 'Too many connections')
WARNING 2018-04-13 00:43:47,274 payslip 18368 23408 燕子+丫丫 351724112 (1040, 'Too many connections')
WARNING 2018-04-13 00:43:47,278 payslip 18368 21964 娃娃+菜心 358178476 (1040, 'Too many connections')
WARNING 2018-04-13 00:43:47,281 payslip 18368 20044 angle+唐老师 391934049 (1040, 'Too many connections')
WARNING 2018-04-13 00:43:47,281 payslip 18368 21968 孟孟+越红 342982160 (1040, 'Too many connections')
WARNING 2018-04-13 00:43:47,285 payslip 18368 23376 周小君+赵小妞 354010721 (1040, 'Too many connections')
WARNING 2018-04-13 00:43:47,286 payslip 18368 18560 emma酱+仔仔妈 354032266 (1040, 'Too many connections')
WARNING 2018-04-13 00:43:47,288 payslip 18368 23328 薇欧氏+红豆 358190106 (1040, 'Too many connections')
WARNING 2018-04-13 00:43:47,290 payslip 18368 9624 微微+木木鱼 366582225 (1040, 'Too many connections')
WARNING 2018-04-13 00:43:47,292 payslip 18368 20744 梅小姐+猫小姐 366586080 (1040, 'Too many connections')
WARNING 2018-04-13 00:43:47,293 payslip 18368 22536 米多+奕霖 366586085 (1040, 'Too many connections')
WARNING 2018-04-13 00:43:47,294 payslip 18368 14096 周小君+沈小吉 345720932 (1040, 'Too many connections')
WARNING 2018-04-13 00:43:47,295 payslip 18368 22032 曹瑜+李加莉 362098402 (1040, 'Too many connections')
WARNING 2018-04-13 00:43:47,295 payslip 18368 21972 逃离+雯小姐 362112003 (1040, 'Too many connections')
WARNING 2018-04-13 00:44:57,137 payslip 18368 22212 璞绯+铃子 141258314 计算成功
WARNING 2018-04-13 00:44:57,472 payslip 18368 22584 娃娃红包群二群 121096253 计算成功
WARNING 2018-04-13 00:44:58,152 payslip 18368 23404 秋天猫+老张 132502347 计算成功
WARNING 2018-04-13 00:45:04,078 payslip 18368 9544 璞绯+清清 185132069 计算成功
WARNING 2018-04-13 00:45:04,084 payslip 18368 8920 娃娃+apple 173162248 计算成功
WARNING 2018-04-13 00:45:09,413 payslip 18368 22968 娃娃+菲菲 184248989 计算成功
WARNING 2018-04-13 00:45:14,726 payslip 18368 22580 薇欧氏+oli黄 186204456 计算成功
WARNING 2018-04-13 00:45:16,316 payslip 18368 11596 薇欧氏+emma酱 184290244 计算成功
WARNING 2018-04-13 00:45:17,012 payslip 18368 9780 薇欧氏+冷暖自知 191148952 计算成功
WARNING 2018-04-13 00:45:17,836 payslip 18368 23076 旋子+那年花开 132950831 (1205, 'Lock wait timeout exceeded; try restarting transaction')
WARNING 2018-04-13 00:45:18,836 payslip 18368 19416 妖精+杜杜 185122364 (1205, 'Lock wait timeout exceeded; try restarting transaction')
WARNING 2018-04-13 00:45:19,836 payslip 18368 9068 扬帆远航+催乳师 151008182 (1205, 'Lock wait timeout exceeded; try restarting transaction')
WARNING 2018-04-13 00:45:19,836 payslip 18368 21724 旋子+秋天猫 130460971 (1205, 'Lock wait timeout exceeded; try restarting transaction')
WARNING 2018-04-13 00:45:20,429 payslip 18368 9284 旋子+熙彤 130326639 (1205, 'Lock wait timeout exceeded; try restarting transaction')
WARNING 2018-04-13 00:45:21,449 payslip 18368 22836 妖精+谜雾 185120320 (1205, 'Lock wait timeout exceeded; try restarting transaction')
WARNING 2018-04-13 00:45:22,449 payslip 18368 11392 黄琳+黄宇 212974825 (1205, 'Lock wait timeout exceeded; try restarting transaction')
WARNING 2018-04-13 00:45:23,735 payslip 18368 21648 伊哩咪+狂风 173630871 (1205, 'Lock wait timeout exceeded; try restarting transaction')
WARNING 2018-04-13 00:45:24,037 payslip 18368 22284 忘忧草+angle 127814273 计算成功
WARNING 2018-04-13 00:45:24,735 payslip 18368 20112 周小君+vicky 185092886 (1205, 'Lock wait timeout exceeded; try restarting transaction')
WARNING 2018-04-13 00:45:25,737 payslip 18368 14184 娃娃+小火车 256790560 (1205, 'Lock wait timeout exceeded; try restarting transaction')
WARNING 2018-04-13 00:45:25,737 payslip 18368 11400 娃娃+Ting 88880001 (1205, 'Lock wait timeout exceeded; try restarting transaction')
WARNING 2018-04-13 00:45:26,438 payslip 18368 18364 娃娃+副群主 88880002 (1205, 'Lock wait timeout exceeded; try restarting transaction')
WARNING 2018-04-13 00:45:26,438 payslip 18368 22632 铃子+花式 222058027 (1205, 'Lock wait timeout exceeded; try restarting transaction')
WARNING 2018-04-13 00:45:28,391 payslip 18368 10752 薇欧氏+冥王 88880004 (1205, 'Lock wait timeout exceeded; try restarting transaction')
WARNING 2018-04-13 00:45:28,394 payslip 18368 21304 周小君+苗苗 310490937 (1205, 'Lock wait timeout exceeded; try restarting transaction')
WARNING 2018-04-13 00:45:29,681 payslip 18368 10916 薇欧氏+妮妮 184274402 计算成功
WARNING 2018-04-13 00:45:30,444 payslip 18368 21816 开心+燕子 336428365 (1205, 'Lock wait timeout exceeded; try restarting transaction')
WARNING 2018-04-13 00:45:30,502 payslip 18368 22412 西西+平平 174270658 计算成功
WARNING 2018-04-13 00:45:31,147 payslip 18368 21468 小燕子+小雨 185130223 计算成功
WARNING 2018-04-13 00:45:31,404 payslip 18368 10060 薇欧氏+丫头 184290167 计算成功
WARNING 2018-04-13 00:45:31,678 payslip 18368 23128 小米+拽丫头 152850821 计算成功
WARNING 2018-04-13 00:45:32,588 payslip 18368 6192 熊熊+老巴子 122046301 计算成功
WARNING 2018-04-13 00:45:33,351 payslip 18368 10192 薇欧氏+周小君 184280254 计算成功
WARNING 2018-04-13 00:45:33,842 payslip 18368 23000 小牛+孟孟 185108787 计算成功
WARNING 2018-04-13 00:45:34,400 payslip 18368 23508 妖精+乖乖 120556864 计算成功
WARNING 2018-04-13 00:45:35,057 payslip 18368 22648 月月+妞妞 155130772 计算成功
WARNING 2018-04-13 00:45:35,584 payslip 18368 6696 薇欧氏+克拉克 88880003 计算成功
WARNING 2018-04-13 00:45:36,364 payslip 18368 19384 谜雾+娟姐 316424350 计算成功
WARNING 2018-04-13 00:45:36,969 payslip 18368 5736 铃子+小鱼 280240521 计算成功
WARNING 2018-04-13 00:45:37,610 payslip 18368 22952 平平+红红 339690366 计算成功
WARNING 2018-04-13 00:46:29,514 payslip 18368 13936 开始多线程计算工资
WARNING 2018-04-13 00:47:26,318 payslip 18368 22832 旋子+那年花开 132950831 计算成功
WARNING 2018-04-13 00:47:27,526 payslip 18368 3548 扬帆远航+催乳师 151008182 计算成功
WARNING 2018-04-13 00:47:29,646 payslip 18368 22616 旋子+熙彤 130326639 计算成功
WARNING 2018-04-13 00:47:30,039 payslip 18368 11288 旋子+秋天猫 130460971 计算成功
WARNING 2018-04-13 00:47:32,758 payslip 18368 23336 妖精+谜雾 185120320 计算成功
WARNING 2018-04-13 00:47:33,162 payslip 18368 21156 妖精+杜杜 185122364 计算成功
WARNING 2018-04-13 00:47:34,083 payslip 18368 19852 伊哩咪+狂风 173630871 计算成功
WARNING 2018-04-13 00:47:35,387 payslip 18368 12160 铃子+花式 222058027 计算成功
WARNING 2018-04-13 00:47:38,259 payslip 18368 23324 黄琳+黄宇 212974825 计算成功
WARNING 2018-04-13 00:47:39,057 payslip 18368 22756 周小君+vicky 185092886 计算成功
WARNING 2018-04-13 00:47:39,388 payslip 18368 20980 娃娃+Ting 88880001 计算成功
WARNING 2018-04-13 00:47:41,557 payslip 18368 21884 薇欧氏+冥王 88880004 计算成功
WARNING 2018-04-13 00:47:42,135 payslip 18368 22496 娃娃+小火车 256790560 计算成功
WARNING 2018-04-13 00:47:42,496 payslip 18368 22144 娃娃+副群主 88880002 计算成功
WARNING 2018-04-13 00:47:43,160 payslip 18368 21644 开心+燕子 336428365 计算成功
WARNING 2018-04-13 00:47:43,835 payslip 18368 21576 周小君+苗苗 310490937 计算成功
WARNING 2018-04-13 00:47:44,545 payslip 18368 21520 谜雾+兰草 351692453 计算成功
WARNING 2018-04-13 00:47:45,218 payslip 18368 18912 燕子+丫丫 351724112 计算成功
WARNING 2018-04-13 00:47:45,900 payslip 18368 21544 开心+英英 336417000 计算成功
WARNING 2018-04-13 00:47:46,581 payslip 18368 21612 娃娃+菜心 358178476 计算成功
WARNING 2018-04-13 00:47:47,269 payslip 18368 21804 周小君+希希 336438276 计算成功
WARNING 2018-04-13 00:47:47,959 payslip 18368 21784 angle+唐老师 391934049 计算成功
WARNING 2018-04-13 00:47:48,630 payslip 18368 9028 孟孟+越红 342982160 计算成功
WARNING 2018-04-13 00:47:49,323 payslip 18368 11072 薇欧氏+红豆 358190106 计算成功
WARNING 2018-04-13 00:47:49,961 payslip 18368 21596 emma酱+仔仔妈 354032266 计算成功
WARNING 2018-04-13 00:47:50,647 payslip 18368 432 周小君+赵小妞 354010721 计算成功
WARNING 2018-04-13 00:47:51,317 payslip 18368 21776 微微+木木鱼 366582225 计算成功
WARNING 2018-04-13 00:47:51,929 payslip 18368 21636 梅小姐+猫小姐 366586080 计算成功
WARNING 2018-04-13 00:47:52,573 payslip 18368 21700 米多+奕霖 366586085 计算成功
WARNING 2018-04-13 00:47:53,158 payslip 18368 21676 周小君+沈小吉 345720932 计算成功
WARNING 2018-04-13 00:47:53,819 payslip 18368 19052 逃离+雯小姐 362112003 计算成功
WARNING 2018-04-13 00:47:54,472 payslip 18368 21660 曹瑜+李加莉 362098402 计算成功
WARNING 2018-04-13 00:48:27,802 payslip 18368 21560 开始多线程计算工资
WARNING 2018-04-13 00:50:30,813 payslip 18368 8412 开始多线程计算工资
WARNING 2018-04-13 00:52:21,966 payslip 18368 8412 开始多线程计算工资
WARNING 2018-04-13 01:11:46,834 payslip 9692 21856 开始多线程计算工资
WARNING 2018-04-13 01:11:47,410 payslip 9692 20928 小火车+檬宝 186110654 Agent has no AId.
